<?xml version="1.0" encoding="UTF-8"?>
<testng-results ignored="0" total="1" passed="1" failed="0" skipped="0">
  <reporter-output>
  </reporter-output>
  <suite started-at="2019-05-21T02:37:00Z" name="Default Suite" finished-at="2019-05-21T02:37:52Z" duration-ms="52019">
    <groups>
    </groups>
    <test started-at="2019-05-21T02:37:00Z" name="Testing" finished-at="2019-05-21T02:37:52Z" duration-ms="52019">
      <class name="Example_1">
        <test-method is-config="true" signature="SetupAppium()[pri:0, instance:Example_1@7c729a55]" started-at="2019-05-21T02:37:00Z" name="SetupAppium" finished-at="2019-05-21T02:37:35Z" duration-ms="34279" status="PASS">
          <reporter-output>
          </reporter-output>
        </test-method> <!-- SetupAppium -->
        <test-method signature="Test()[pri:0, instance:Example_1@7c729a55]" started-at="2019-05-21T02:37:35Z" name="Test" finished-at="2019-05-21T02:37:52Z" duration-ms="17721" status="PASS">
          <reporter-output>
          </reporter-output>
        </test-method> <!-- Test -->
      </class> <!-- Example_1 -->
    </test> <!-- Testing -->
  </suite> <!-- Default Suite -->
</testng-results>
